<?xml version="1.0" encoding="UTF-8"?>
<testng-results skipped="0" failed="0" ignored="0" total="1" passed="1">
  <reporter-output>
  </reporter-output>
  <suite name="Default suite" duration-ms="50832" started-at="2017-05-24T08:17:45Z" finished-at="2017-05-24T08:18:36Z">
    <groups>
    </groups>
    <test name="Default test" duration-ms="50832" started-at="2017-05-24T08:17:45Z" finished-at="2017-05-24T08:18:36Z">
      <class name="cardsModule.NewTest">
        <test-method status="PASS" signature="beforeTest()[pri:0, instance:cardsModule.NewTest@cb5822]" name="beforeTest" is-config="true" duration-ms="18767" started-at="2017-05-24T14:17:45Z" finished-at="2017-05-24T14:18:04Z">
          <reporter-output>
          </reporter-output>
        </test-method> <!-- beforeTest -->
        <test-method status="PASS" signature="othercardPayment()[pri:0, instance:cardsModule.NewTest@cb5822]" name="othercardPayment" duration-ms="27937" started-at="2017-05-24T14:18:04Z" finished-at="2017-05-24T14:18:32Z">
          <reporter-output>
          </reporter-output>
        </test-method> <!-- othercardPayment -->
        <test-method status="PASS" signature="afterTest()[pri:0, instance:cardsModule.NewTest@cb5822]" name="afterTest" is-config="true" duration-ms="4115" started-at="2017-05-24T14:18:32Z" finished-at="2017-05-24T14:18:36Z">
          <reporter-output>
          </reporter-output>
        </test-method> <!-- afterTest -->
      </class> <!-- cardsModule.NewTest -->
    </test> <!-- Default test -->
  </suite> <!-- Default suite -->
</testng-results>
